<?xml version="1.0" encoding="UTF-8"?>
<!-- Generated by org.testng.reporters.JUnitXMLReporter -->
<testsuite ignored="0" hostname="DESKTOP-KS6TLB7" failures="0" tests="4" name="Dashboard Test" time="3.28" errors="0" timestamp="2026-04-27T10:00:12 IST">
  <testcase classname="tests.DashboardTest" name="testDeviceList" time="0.855"/>
  <testcase classname="tests.DashboardTest" name="testDeviceList" time="0.726"/>
  <testcase classname="tests.DashboardTest" name="testDeviceList" time="0.835"/>
  <testcase classname="tests.DashboardTest" name="testDeviceList" time="0.836"/>
</testsuite> <!-- Dashboard Test -->
