<?xml version="1.0" encoding="UTF-8"?>
<!-- Generated by org.testng.reporters.JUnitXMLReporter -->
<testsuite ignored="0" hostname="DESKTOP-KS6TLB7" failures="11" tests="18" name="Device List Tests" time="10.533" errors="0" timestamp="2026-04-27T10:00:08 IST">
  <testcase classname="tests.DeviceListTest" name="testDeviceList" time="0.542"/>
  <testcase classname="tests.DeviceListTest" name="testDeviceList" time="0.638"/>
  <testcase classname="tests.DeviceListTest" name="testDeviceList" time="0.529"/>
  <testcase classname="tests.DeviceListTest" name="testDeviceList" time="0.654">
    <failure type="java.lang.AssertionError" message="expected [200] but found [400]">
      <![CDATA[java.lang.AssertionError: expected [200] but found [400]
at tests.DeviceListTest.testDeviceList(DeviceListTest.java:39)
at java.base/java.util.ArrayList.forEach(ArrayList.java:1511)
... Removed 34 stack frames]]>
    </failure>
  </testcase> <!-- testDeviceList -->
  <testcase classname="tests.DeviceListTest" name="testDeviceList" time="0.512"/>
  <testcase classname="tests.DeviceListTest" name="testDeviceList" time="0.628"/>
  <testcase classname="tests.DeviceListTest" name="testDeviceList" time="0.635">
    <failure type="java.lang.AssertionError" message="expected [400] but found [200]">
      <![CDATA[java.lang.AssertionError: expected [400] but found [200]
at tests.DeviceListTest.testDeviceList(DeviceListTest.java:39)
at java.base/java.util.ArrayList.forEach(ArrayList.java:1511)
... Removed 34 stack frames]]>
    </failure>
  </testcase> <!-- testDeviceList -->
  <testcase classname="tests.DeviceListTest" name="testDeviceList" time="0.586">
    <failure type="java.lang.AssertionError" message="expected [400] but found [200]">
      <![CDATA[java.lang.AssertionError: expected [400] but found [200]
at tests.DeviceListTest.testDeviceList(DeviceListTest.java:39)
at java.base/java.util.ArrayList.forEach(ArrayList.java:1511)
... Removed 34 stack frames]]>
    </failure>
  </testcase> <!-- testDeviceList -->
  <testcase classname="tests.DeviceListTest" name="testDeviceList" time="0.508"/>
  <testcase classname="tests.DeviceListTest" name="testDeviceList" time="0.507">
    <failure type="java.lang.AssertionError" message="expected [400] but found [200]">
      <![CDATA[java.lang.AssertionError: expected [400] but found [200]
at tests.DeviceListTest.testDeviceList(DeviceListTest.java:39)
at java.base/java.util.ArrayList.forEach(ArrayList.java:1511)
... Removed 34 stack frames]]>
    </failure>
  </testcase> <!-- testDeviceList -->
  <testcase classname="tests.DeviceListTest" name="testDeviceList" time="0.631">
    <failure type="java.lang.AssertionError" message="expected [400] but found [200]">
      <![CDATA[java.lang.AssertionError: expected [400] but found [200]
at tests.DeviceListTest.testDeviceList(DeviceListTest.java:39)
at java.base/java.util.ArrayList.forEach(ArrayList.java:1511)
... Removed 34 stack frames]]>
    </failure>
  </testcase> <!-- testDeviceList -->
  <testcase classname="tests.DeviceListTest" name="testDeviceList" time="0.509">
    <failure type="java.lang.AssertionError" message="expected [400] but found [200]">
      <![CDATA[java.lang.AssertionError: expected [400] but found [200]
at tests.DeviceListTest.testDeviceList(DeviceListTest.java:39)
at java.base/java.util.ArrayList.forEach(ArrayList.java:1511)
... Removed 34 stack frames]]>
    </failure>
  </testcase> <!-- testDeviceList -->
  <testcase classname="tests.DeviceListTest" name="testDeviceList" time="0.504">
    <failure type="java.lang.AssertionError" message="expected [400] but found [200]">
      <![CDATA[java.lang.AssertionError: expected [400] but found [200]
at tests.DeviceListTest.testDeviceList(DeviceListTest.java:39)
at java.base/java.util.ArrayList.forEach(ArrayList.java:1511)
... Removed 34 stack frames]]>
    </failure>
  </testcase> <!-- testDeviceList -->
  <testcase classname="tests.DeviceListTest" name="testDeviceList" time="0.526">
    <failure type="java.lang.AssertionError" message="expected [400] but found [500]">
      <![CDATA[java.lang.AssertionError: expected [400] but found [500]
at tests.DeviceListTest.testDeviceList(DeviceListTest.java:39)
at java.base/java.util.ArrayList.forEach(ArrayList.java:1511)
... Removed 34 stack frames]]>
    </failure>
  </testcase> <!-- testDeviceList -->
  <testcase classname="tests.DeviceListTest" name="testDeviceList" time="0.627">
    <failure type="java.lang.AssertionError" message="expected [400] but found [200]">
      <![CDATA[java.lang.AssertionError: expected [400] but found [200]
at tests.DeviceListTest.testDeviceList(DeviceListTest.java:39)
at java.base/java.util.ArrayList.forEach(ArrayList.java:1511)
... Removed 34 stack frames]]>
    </failure>
  </testcase> <!-- testDeviceList -->
  <testcase classname="tests.DeviceListTest" name="testDeviceList" time="0.665">
    <failure type="java.lang.AssertionError" message="expected [400] but found [500]">
      <![CDATA[java.lang.AssertionError: expected [400] but found [500]
at tests.DeviceListTest.testDeviceList(DeviceListTest.java:39)
at java.base/java.util.ArrayList.forEach(ArrayList.java:1511)
... Removed 34 stack frames]]>
    </failure>
  </testcase> <!-- testDeviceList -->
  <testcase classname="tests.DeviceListTest" name="testDeviceList" time="0.647"/>
  <testcase classname="tests.DeviceListTest" name="testDeviceList" time="0.509">
    <failure type="java.lang.AssertionError" message="expected [400] but found [200]">
      <![CDATA[java.lang.AssertionError: expected [400] but found [200]
at tests.DeviceListTest.testDeviceList(DeviceListTest.java:39)
at java.base/java.util.ArrayList.forEach(ArrayList.java:1511)
... Removed 33 stack frames]]>
    </failure>
  </testcase> <!-- testDeviceList -->
</testsuite> <!-- Device List Tests -->
