<?xml version="1.0" encoding="UTF-8"?>
<!-- Generated by org.testng.reporters.JUnitXMLReporter -->
<testsuite ignored="0" hostname="DESKTOP-KS6TLB7" failures="8" tests="14" name="Key Report Tests" time="8.735" errors="0" timestamp="2026-04-27T09:59:34 IST">
  <testcase classname="tests.KeyReportTest" name="testKeyReport" time="0.695">
    <failure type="java.lang.AssertionError" message="expected [200] but found [400]">
      <![CDATA[java.lang.AssertionError: expected [200] but found [400]
at tests.KeyReportTest.testKeyReport(KeyReportTest.java:29)
at java.base/java.util.ArrayList.forEach(ArrayList.java:1511)
... Removed 34 stack frames]]>
    </failure>
  </testcase> <!-- testKeyReport -->
  <testcase classname="tests.KeyReportTest" name="testKeyReport" time="0.7">
    <failure type="java.lang.AssertionError" message="expected [200] but found [400]">
      <![CDATA[java.lang.AssertionError: expected [200] but found [400]
at tests.KeyReportTest.testKeyReport(KeyReportTest.java:29)
at java.base/java.util.ArrayList.forEach(ArrayList.java:1511)
... Removed 34 stack frames]]>
    </failure>
  </testcase> <!-- testKeyReport -->
  <testcase classname="tests.KeyReportTest" name="testKeyReport" time="0.519">
    <failure type="java.lang.AssertionError" message="expected [200] but found [400]">
      <![CDATA[java.lang.AssertionError: expected [200] but found [400]
at tests.KeyReportTest.testKeyReport(KeyReportTest.java:29)
at java.base/java.util.ArrayList.forEach(ArrayList.java:1511)
... Removed 34 stack frames]]>
    </failure>
  </testcase> <!-- testKeyReport -->
  <testcase classname="tests.KeyReportTest" name="testKeyReport" time="0.653">
    <failure type="java.lang.AssertionError" message="expected [200] but found [400]">
      <![CDATA[java.lang.AssertionError: expected [200] but found [400]
at tests.KeyReportTest.testKeyReport(KeyReportTest.java:29)
at java.base/java.util.ArrayList.forEach(ArrayList.java:1511)
... Removed 34 stack frames]]>
    </failure>
  </testcase> <!-- testKeyReport -->
  <testcase classname="tests.KeyReportTest" name="testKeyReport" time="0.625">
    <failure type="java.lang.AssertionError" message="expected [200] but found [400]">
      <![CDATA[java.lang.AssertionError: expected [200] but found [400]
at tests.KeyReportTest.testKeyReport(KeyReportTest.java:29)
at java.base/java.util.ArrayList.forEach(ArrayList.java:1511)
... Removed 34 stack frames]]>
    </failure>
  </testcase> <!-- testKeyReport -->
  <testcase classname="tests.KeyReportTest" name="testKeyReport" time="0.675"/>
  <testcase classname="tests.KeyReportTest" name="testKeyReport" time="0.58"/>
  <testcase classname="tests.KeyReportTest" name="testKeyReport" time="0.497">
    <failure type="java.lang.AssertionError" message="expected [200] but found [400]">
      <![CDATA[java.lang.AssertionError: expected [200] but found [400]
at tests.KeyReportTest.testKeyReport(KeyReportTest.java:29)
at java.base/java.util.ArrayList.forEach(ArrayList.java:1511)
... Removed 34 stack frames]]>
    </failure>
  </testcase> <!-- testKeyReport -->
  <testcase classname="tests.KeyReportTest" name="testKeyReport" time="0.648">
    <failure type="java.lang.AssertionError" message="expected [Failed] but found [BAD_REQUEST]">
      <![CDATA[java.lang.AssertionError: expected [Failed] but found [BAD_REQUEST]
at tests.KeyReportTest.testKeyReport(KeyReportTest.java:33)
at java.base/java.util.ArrayList.forEach(ArrayList.java:1511)
... Removed 33 stack frames]]>
    </failure>
  </testcase> <!-- testKeyReport -->
  <testcase classname="tests.KeyReportTest" name="testKeyReport" time="0.524"/>
  <testcase classname="tests.KeyReportTest" name="testKeyReport" time="0.643">
    <failure type="java.lang.AssertionError" message="expected [200] but found [400]">
      <![CDATA[java.lang.AssertionError: expected [200] but found [400]
at tests.KeyReportTest.testKeyReport(KeyReportTest.java:29)
at java.base/java.util.ArrayList.forEach(ArrayList.java:1511)
... Removed 34 stack frames]]>
    </failure>
  </testcase> <!-- testKeyReport -->
  <testcase classname="tests.KeyReportTest" name="testKeyReport" time="0.515"/>
  <testcase classname="tests.KeyReportTest" name="testKeyReport" time="0.67"/>
  <testcase classname="tests.KeyReportTest" name="testKeyReport" time="0.667"/>
</testsuite> <!-- Key Report Tests -->
