<?xml version="1.0" encoding="UTF-8"?>
<!-- Generated by org.testng.reporters.JUnitXMLReporter -->
<testsuite ignored="0" hostname="DESKTOP-KS6TLB7" failures="12" tests="17" name="Key Add Tests" time="13.42" errors="0" timestamp="2026-04-27T09:59:26 IST">
  <testcase classname="tests.KeyAddTest" name="testKeyReport" time="2.724"/>
  <testcase classname="tests.KeyAddTest" name="testKeyReport" time="0.703"/>
  <testcase classname="tests.KeyAddTest" name="testKeyReport" time="0.894"/>
  <testcase classname="tests.KeyAddTest" name="testKeyReport" time="0.55">
    <failure type="java.lang.AssertionError" message="expected [400] but found [200]">
      <![CDATA[java.lang.AssertionError: expected [400] but found [200]
at tests.KeyAddTest.testKeyReport(KeyAddTest.java:28)
at java.base/java.util.ArrayList.forEach(ArrayList.java:1511)
... Removed 34 stack frames]]>
    </failure>
  </testcase> <!-- testKeyReport -->
  <testcase classname="tests.KeyAddTest" name="testKeyReport" time="0.545">
    <failure type="java.lang.AssertionError" message="expected [400] but found [200]">
      <![CDATA[java.lang.AssertionError: expected [400] but found [200]
at tests.KeyAddTest.testKeyReport(KeyAddTest.java:28)
at java.base/java.util.ArrayList.forEach(ArrayList.java:1511)
... Removed 34 stack frames]]>
    </failure>
  </testcase> <!-- testKeyReport -->
  <testcase classname="tests.KeyAddTest" name="testKeyReport" time="0.555">
    <failure type="java.lang.AssertionError" message="expected [400] but found [200]">
      <![CDATA[java.lang.AssertionError: expected [400] but found [200]
at tests.KeyAddTest.testKeyReport(KeyAddTest.java:28)
at java.base/java.util.ArrayList.forEach(ArrayList.java:1511)
... Removed 34 stack frames]]>
    </failure>
  </testcase> <!-- testKeyReport -->
  <testcase classname="tests.KeyAddTest" name="testKeyReport" time="0.661">
    <failure type="java.lang.AssertionError" message="expected [400] but found [200]">
      <![CDATA[java.lang.AssertionError: expected [400] but found [200]
at tests.KeyAddTest.testKeyReport(KeyAddTest.java:28)
at java.base/java.util.ArrayList.forEach(ArrayList.java:1511)
... Removed 34 stack frames]]>
    </failure>
  </testcase> <!-- testKeyReport -->
  <testcase classname="tests.KeyAddTest" name="testKeyReport" time="0.525">
    <failure type="java.lang.AssertionError" message="expected [400] but found [200]">
      <![CDATA[java.lang.AssertionError: expected [400] but found [200]
at tests.KeyAddTest.testKeyReport(KeyAddTest.java:28)
at java.base/java.util.ArrayList.forEach(ArrayList.java:1511)
... Removed 34 stack frames]]>
    </failure>
  </testcase> <!-- testKeyReport -->
  <testcase classname="tests.KeyAddTest" name="testKeyReport" time="0.711">
    <failure type="java.lang.AssertionError" message="expected [400] but found [200]">
      <![CDATA[java.lang.AssertionError: expected [400] but found [200]
at tests.KeyAddTest.testKeyReport(KeyAddTest.java:28)
at java.base/java.util.ArrayList.forEach(ArrayList.java:1511)
... Removed 34 stack frames]]>
    </failure>
  </testcase> <!-- testKeyReport -->
  <testcase classname="tests.KeyAddTest" name="testKeyReport" time="0.518">
    <failure type="java.lang.AssertionError" message="expected [400] but found [200]">
      <![CDATA[java.lang.AssertionError: expected [400] but found [200]
at tests.KeyAddTest.testKeyReport(KeyAddTest.java:28)
at java.base/java.util.ArrayList.forEach(ArrayList.java:1511)
... Removed 34 stack frames]]>
    </failure>
  </testcase> <!-- testKeyReport -->
  <testcase classname="tests.KeyAddTest" name="testKeyReport" time="0.527">
    <failure type="java.lang.AssertionError" message="expected [400] but found [200]">
      <![CDATA[java.lang.AssertionError: expected [400] but found [200]
at tests.KeyAddTest.testKeyReport(KeyAddTest.java:28)
at java.base/java.util.ArrayList.forEach(ArrayList.java:1511)
... Removed 34 stack frames]]>
    </failure>
  </testcase> <!-- testKeyReport -->
  <testcase classname="tests.KeyAddTest" name="testKeyReport" time="0.531">
    <failure type="java.lang.AssertionError" message="expected [400] but found [200]">
      <![CDATA[java.lang.AssertionError: expected [400] but found [200]
at tests.KeyAddTest.testKeyReport(KeyAddTest.java:28)
at java.base/java.util.ArrayList.forEach(ArrayList.java:1511)
... Removed 34 stack frames]]>
    </failure>
  </testcase> <!-- testKeyReport -->
  <testcase classname="tests.KeyAddTest" name="testKeyReport" time="0.691">
    <failure type="java.lang.AssertionError" message="expected [400] but found [200]">
      <![CDATA[java.lang.AssertionError: expected [400] but found [200]
at tests.KeyAddTest.testKeyReport(KeyAddTest.java:28)
at java.base/java.util.ArrayList.forEach(ArrayList.java:1511)
... Removed 34 stack frames]]>
    </failure>
  </testcase> <!-- testKeyReport -->
  <testcase classname="tests.KeyAddTest" name="testKeyReport" time="0.549">
    <failure type="java.lang.AssertionError" message="expected [400] but found [200]">
      <![CDATA[java.lang.AssertionError: expected [400] but found [200]
at tests.KeyAddTest.testKeyReport(KeyAddTest.java:28)
at java.base/java.util.ArrayList.forEach(ArrayList.java:1511)
... Removed 34 stack frames]]>
    </failure>
  </testcase> <!-- testKeyReport -->
  <testcase classname="tests.KeyAddTest" name="testKeyReport" time="0.65">
    <failure type="java.lang.AssertionError" message="expected [400] but found [200]">
      <![CDATA[java.lang.AssertionError: expected [400] but found [200]
at tests.KeyAddTest.testKeyReport(KeyAddTest.java:28)
at java.base/java.util.ArrayList.forEach(ArrayList.java:1511)
... Removed 34 stack frames]]>
    </failure>
  </testcase> <!-- testKeyReport -->
  <testcase classname="tests.KeyAddTest" name="testKeyReport" time="0.535"/>
  <testcase classname="tests.KeyAddTest" name="testKeyReport" time="0.643"/>
</testsuite> <!-- Key Add Tests -->
