<?xml version="1.0" encoding="UTF-8"?>
<!-- Generated by org.testng.reporters.JUnitXMLReporter -->
<testsuite ignored="0" hostname="DESKTOP-KS6TLB7" failures="1" tests="1" name="KeyReport Tests" time="2.598" errors="0" timestamp="2026-04-17T15:17:43 IST">
  <testcase classname="tests.KeyReportTest" name="testKeyReportAPI" time="2.102">
    <failure type="java.lang.AssertionError" message="expected [200] but found [405]">
      <![CDATA[java.lang.AssertionError: expected [200] but found [405]
at tests.KeyReportTest.testKeyReportAPI(KeyReportTest.java:19)
at java.base/java.util.ArrayList.forEach(ArrayList.java:1511)
... Removed 34 stack frames]]>
    </failure>
  </testcase> <!-- testKeyReportAPI -->
</testsuite> <!-- KeyReport Tests -->
