<?xml version="1.0" encoding="UTF-8"?>
<!-- Generated by org.testng.reporters.JUnitXMLReporter -->
<testsuite ignored="0" hostname="DESKTOP-KS6TLB7" failures="15" tests="21" name="Merchant Key Transfer Tests" time="12.292" errors="0" timestamp="2026-04-27T09:59:47 IST">
  <testcase classname="tests.MerchantKeyTransferTest" name="testMerchantKeyTransfer" time="0.547"/>
  <testcase classname="tests.MerchantKeyTransferTest" name="testMerchantKeyTransfer" time="0.519"/>
  <testcase classname="tests.MerchantKeyTransferTest" name="testMerchantKeyTransfer" time="0.633"/>
  <testcase classname="tests.MerchantKeyTransferTest" name="testMerchantKeyTransfer" time="0.631"/>
  <testcase classname="tests.MerchantKeyTransferTest" name="testMerchantKeyTransfer" time="0.627">
    <failure type="java.lang.AssertionError" message="expected [400] but found [200]">
      <![CDATA[java.lang.AssertionError: expected [400] but found [200]
at tests.MerchantKeyTransferTest.testMerchantKeyTransfer(MerchantKeyTransferTest.java:29)
at java.base/java.util.ArrayList.forEach(ArrayList.java:1511)
... Removed 34 stack frames]]>
    </failure>
  </testcase> <!-- testMerchantKeyTransfer -->
  <testcase classname="tests.MerchantKeyTransferTest" name="testMerchantKeyTransfer" time="0.672">
    <failure type="java.lang.AssertionError" message="expected [400] but found [200]">
      <![CDATA[java.lang.AssertionError: expected [400] but found [200]
at tests.MerchantKeyTransferTest.testMerchantKeyTransfer(MerchantKeyTransferTest.java:29)
at java.base/java.util.ArrayList.forEach(ArrayList.java:1511)
... Removed 34 stack frames]]>
    </failure>
  </testcase> <!-- testMerchantKeyTransfer -->
  <testcase classname="tests.MerchantKeyTransferTest" name="testMerchantKeyTransfer" time="0.654">
    <failure type="java.lang.AssertionError" message="expected [400] but found [200]">
      <![CDATA[java.lang.AssertionError: expected [400] but found [200]
at tests.MerchantKeyTransferTest.testMerchantKeyTransfer(MerchantKeyTransferTest.java:29)
at java.base/java.util.ArrayList.forEach(ArrayList.java:1511)
... Removed 34 stack frames]]>
    </failure>
  </testcase> <!-- testMerchantKeyTransfer -->
  <testcase classname="tests.MerchantKeyTransferTest" name="testMerchantKeyTransfer" time="0.507">
    <failure type="java.lang.AssertionError" message="expected [400] but found [200]">
      <![CDATA[java.lang.AssertionError: expected [400] but found [200]
at tests.MerchantKeyTransferTest.testMerchantKeyTransfer(MerchantKeyTransferTest.java:29)
at java.base/java.util.ArrayList.forEach(ArrayList.java:1511)
... Removed 34 stack frames]]>
    </failure>
  </testcase> <!-- testMerchantKeyTransfer -->
  <testcase classname="tests.MerchantKeyTransferTest" name="testMerchantKeyTransfer" time="0.674">
    <failure type="java.lang.AssertionError" message="expected [400] but found [200]">
      <![CDATA[java.lang.AssertionError: expected [400] but found [200]
at tests.MerchantKeyTransferTest.testMerchantKeyTransfer(MerchantKeyTransferTest.java:29)
at java.base/java.util.ArrayList.forEach(ArrayList.java:1511)
... Removed 34 stack frames]]>
    </failure>
  </testcase> <!-- testMerchantKeyTransfer -->
  <testcase classname="tests.MerchantKeyTransferTest" name="testMerchantKeyTransfer" time="0.492">
    <failure type="java.lang.AssertionError" message="expected [400] but found [200]">
      <![CDATA[java.lang.AssertionError: expected [400] but found [200]
at tests.MerchantKeyTransferTest.testMerchantKeyTransfer(MerchantKeyTransferTest.java:29)
at java.base/java.util.ArrayList.forEach(ArrayList.java:1511)
... Removed 34 stack frames]]>
    </failure>
  </testcase> <!-- testMerchantKeyTransfer -->
  <testcase classname="tests.MerchantKeyTransferTest" name="testMerchantKeyTransfer" time="0.507">
    <failure type="java.lang.AssertionError" message="expected [400] but found [500]">
      <![CDATA[java.lang.AssertionError: expected [400] but found [500]
at tests.MerchantKeyTransferTest.testMerchantKeyTransfer(MerchantKeyTransferTest.java:29)
at java.base/java.util.ArrayList.forEach(ArrayList.java:1511)
... Removed 34 stack frames]]>
    </failure>
  </testcase> <!-- testMerchantKeyTransfer -->
  <testcase classname="tests.MerchantKeyTransferTest" name="testMerchantKeyTransfer" time="0.652">
    <failure type="java.lang.AssertionError" message="expected [400] but found [200]">
      <![CDATA[java.lang.AssertionError: expected [400] but found [200]
at tests.MerchantKeyTransferTest.testMerchantKeyTransfer(MerchantKeyTransferTest.java:29)
at java.base/java.util.ArrayList.forEach(ArrayList.java:1511)
... Removed 34 stack frames]]>
    </failure>
  </testcase> <!-- testMerchantKeyTransfer -->
  <testcase classname="tests.MerchantKeyTransferTest" name="testMerchantKeyTransfer" time="0.624">
    <failure type="java.lang.AssertionError" message="expected [400] but found [200]">
      <![CDATA[java.lang.AssertionError: expected [400] but found [200]
at tests.MerchantKeyTransferTest.testMerchantKeyTransfer(MerchantKeyTransferTest.java:29)
at java.base/java.util.ArrayList.forEach(ArrayList.java:1511)
... Removed 34 stack frames]]>
    </failure>
  </testcase> <!-- testMerchantKeyTransfer -->
  <testcase classname="tests.MerchantKeyTransferTest" name="testMerchantKeyTransfer" time="0.522">
    <failure type="java.lang.AssertionError" message="expected [400] but found [500]">
      <![CDATA[java.lang.AssertionError: expected [400] but found [500]
at tests.MerchantKeyTransferTest.testMerchantKeyTransfer(MerchantKeyTransferTest.java:29)
at java.base/java.util.ArrayList.forEach(ArrayList.java:1511)
... Removed 34 stack frames]]>
    </failure>
  </testcase> <!-- testMerchantKeyTransfer -->
  <testcase classname="tests.MerchantKeyTransferTest" name="testMerchantKeyTransfer" time="0.5">
    <failure type="java.lang.AssertionError" message="expected [400] but found [200]">
      <![CDATA[java.lang.AssertionError: expected [400] but found [200]
at tests.MerchantKeyTransferTest.testMerchantKeyTransfer(MerchantKeyTransferTest.java:29)
at java.base/java.util.ArrayList.forEach(ArrayList.java:1511)
... Removed 34 stack frames]]>
    </failure>
  </testcase> <!-- testMerchantKeyTransfer -->
  <testcase classname="tests.MerchantKeyTransferTest" name="testMerchantKeyTransfer" time="0.512">
    <failure type="java.lang.AssertionError" message="expected [400] but found [200]">
      <![CDATA[java.lang.AssertionError: expected [400] but found [200]
at tests.MerchantKeyTransferTest.testMerchantKeyTransfer(MerchantKeyTransferTest.java:29)
at java.base/java.util.ArrayList.forEach(ArrayList.java:1511)
... Removed 34 stack frames]]>
    </failure>
  </testcase> <!-- testMerchantKeyTransfer -->
  <testcase classname="tests.MerchantKeyTransferTest" name="testMerchantKeyTransfer" time="0.617">
    <failure type="java.lang.AssertionError" message="expected [400] but found [500]">
      <![CDATA[java.lang.AssertionError: expected [400] but found [500]
at tests.MerchantKeyTransferTest.testMerchantKeyTransfer(MerchantKeyTransferTest.java:29)
at java.base/java.util.ArrayList.forEach(ArrayList.java:1511)
... Removed 33 stack frames]]>
    </failure>
  </testcase> <!-- testMerchantKeyTransfer -->
  <testcase classname="tests.MerchantKeyTransferTest" name="testMerchantKeyTransfer" time="0.498">
    <failure type="java.lang.AssertionError" message="expected [400] but found [200]">
      <![CDATA[java.lang.AssertionError: expected [400] but found [200]
at tests.MerchantKeyTransferTest.testMerchantKeyTransfer(MerchantKeyTransferTest.java:29)
at java.base/java.util.ArrayList.forEach(ArrayList.java:1511)
... Removed 33 stack frames]]>
    </failure>
  </testcase> <!-- testMerchantKeyTransfer -->
  <testcase classname="tests.MerchantKeyTransferTest" name="testMerchantKeyTransfer" time="0.67"/>
  <testcase classname="tests.MerchantKeyTransferTest" name="testMerchantKeyTransfer" time="0.529"/>
  <testcase classname="tests.MerchantKeyTransferTest" name="testMerchantKeyTransfer" time="0.508">
    <failure type="java.lang.AssertionError" message="expected [400] but found [500]">
      <![CDATA[java.lang.AssertionError: expected [400] but found [500]
at tests.MerchantKeyTransferTest.testMerchantKeyTransfer(MerchantKeyTransferTest.java:29)
at java.base/java.util.ArrayList.forEach(ArrayList.java:1511)
... Removed 33 stack frames]]>
    </failure>
  </testcase> <!-- testMerchantKeyTransfer -->
</testsuite> <!-- Merchant Key Transfer Tests -->
