<?xml version="1.0" encoding="UTF-8"?>
<!-- Generated by org.testng.reporters.JUnitXMLReporter -->
<testsuite ignored="0" hostname="DESKTOP-KS6TLB7" failures="12" tests="19" name="Merchant Ledger Tests" time="10.882" errors="0" timestamp="2026-04-27T09:59:58 IST">
  <testcase classname="tests.MerchantLedgerTest" name="testMerchantLedger" time="0.589"/>
  <testcase classname="tests.MerchantLedgerTest" name="testMerchantLedger" time="0.697"/>
  <testcase classname="tests.MerchantLedgerTest" name="testMerchantLedger" time="0.525"/>
  <testcase classname="tests.MerchantLedgerTest" name="testMerchantLedger" time="0.547"/>
  <testcase classname="tests.MerchantLedgerTest" name="testMerchantLedger" time="0.534"/>
  <testcase classname="tests.MerchantLedgerTest" name="testMerchantLedger" time="0.515"/>
  <testcase classname="tests.MerchantLedgerTest" name="testMerchantLedger" time="0.641"/>
  <testcase classname="tests.MerchantLedgerTest" name="testMerchantLedger" time="0.636">
    <failure type="java.lang.AssertionError" message="expected [200] but found [400]">
      <![CDATA[java.lang.AssertionError: expected [200] but found [400]
at tests.MerchantLedgerTest.testMerchantLedger(MerchantLedgerTest.java:37)
at java.base/java.util.ArrayList.forEach(ArrayList.java:1511)
... Removed 34 stack frames]]>
    </failure>
  </testcase> <!-- testMerchantLedger -->
  <testcase classname="tests.MerchantLedgerTest" name="testMerchantLedger" time="0.506">
    <failure type="java.lang.AssertionError" message="expected [400] but found [200]">
      <![CDATA[java.lang.AssertionError: expected [400] but found [200]
at tests.MerchantLedgerTest.testMerchantLedger(MerchantLedgerTest.java:37)
at java.base/java.util.ArrayList.forEach(ArrayList.java:1511)
... Removed 34 stack frames]]>
    </failure>
  </testcase> <!-- testMerchantLedger -->
  <testcase classname="tests.MerchantLedgerTest" name="testMerchantLedger" time="0.508">
    <failure type="java.lang.AssertionError" message="expected [Success] but found [Failed]">
      <![CDATA[java.lang.AssertionError: expected [Success] but found [Failed]
at tests.MerchantLedgerTest.testMerchantLedger(MerchantLedgerTest.java:41)
at java.base/java.util.ArrayList.forEach(ArrayList.java:1511)
... Removed 33 stack frames]]>
    </failure>
  </testcase> <!-- testMerchantLedger -->
  <testcase classname="tests.MerchantLedgerTest" name="testMerchantLedger" time="0.512">
    <failure type="java.lang.AssertionError" message="expected [Success] but found [Failed]">
      <![CDATA[java.lang.AssertionError: expected [Success] but found [Failed]
at tests.MerchantLedgerTest.testMerchantLedger(MerchantLedgerTest.java:41)
at java.base/java.util.ArrayList.forEach(ArrayList.java:1511)
... Removed 33 stack frames]]>
    </failure>
  </testcase> <!-- testMerchantLedger -->
  <testcase classname="tests.MerchantLedgerTest" name="testMerchantLedger" time="0.632">
    <failure type="java.lang.AssertionError" message="expected [400] but found [200]">
      <![CDATA[java.lang.AssertionError: expected [400] but found [200]
at tests.MerchantLedgerTest.testMerchantLedger(MerchantLedgerTest.java:37)
at java.base/java.util.ArrayList.forEach(ArrayList.java:1511)
... Removed 34 stack frames]]>
    </failure>
  </testcase> <!-- testMerchantLedger -->
  <testcase classname="tests.MerchantLedgerTest" name="testMerchantLedger" time="0.511">
    <failure type="java.lang.AssertionError" message="expected [400] but found [200]">
      <![CDATA[java.lang.AssertionError: expected [400] but found [200]
at tests.MerchantLedgerTest.testMerchantLedger(MerchantLedgerTest.java:37)
at java.base/java.util.ArrayList.forEach(ArrayList.java:1511)
... Removed 34 stack frames]]>
    </failure>
  </testcase> <!-- testMerchantLedger -->
  <testcase classname="tests.MerchantLedgerTest" name="testMerchantLedger" time="0.516">
    <failure type="java.lang.AssertionError" message="expected [400] but found [200]">
      <![CDATA[java.lang.AssertionError: expected [400] but found [200]
at tests.MerchantLedgerTest.testMerchantLedger(MerchantLedgerTest.java:37)
at java.base/java.util.ArrayList.forEach(ArrayList.java:1511)
... Removed 34 stack frames]]>
    </failure>
  </testcase> <!-- testMerchantLedger -->
  <testcase classname="tests.MerchantLedgerTest" name="testMerchantLedger" time="0.516">
    <failure type="java.lang.AssertionError" message="expected [400] but found [500]">
      <![CDATA[java.lang.AssertionError: expected [400] but found [500]
at tests.MerchantLedgerTest.testMerchantLedger(MerchantLedgerTest.java:37)
at java.base/java.util.ArrayList.forEach(ArrayList.java:1511)
... Removed 34 stack frames]]>
    </failure>
  </testcase> <!-- testMerchantLedger -->
  <testcase classname="tests.MerchantLedgerTest" name="testMerchantLedger" time="0.636">
    <failure type="java.lang.AssertionError" message="expected [400] but found [200]">
      <![CDATA[java.lang.AssertionError: expected [400] but found [200]
at tests.MerchantLedgerTest.testMerchantLedger(MerchantLedgerTest.java:37)
at java.base/java.util.ArrayList.forEach(ArrayList.java:1511)
... Removed 34 stack frames]]>
    </failure>
  </testcase> <!-- testMerchantLedger -->
  <testcase classname="tests.MerchantLedgerTest" name="testMerchantLedger" time="0.635">
    <failure type="java.lang.AssertionError" message="expected [400] but found [500]">
      <![CDATA[java.lang.AssertionError: expected [400] but found [500]
at tests.MerchantLedgerTest.testMerchantLedger(MerchantLedgerTest.java:37)
at java.base/java.util.ArrayList.forEach(ArrayList.java:1511)
... Removed 33 stack frames]]>
    </failure>
  </testcase> <!-- testMerchantLedger -->
  <testcase classname="tests.MerchantLedgerTest" name="testMerchantLedger" time="0.57">
    <failure type="java.lang.AssertionError" message="expected [Success] but found [Failed]">
      <![CDATA[java.lang.AssertionError: expected [Success] but found [Failed]
at tests.MerchantLedgerTest.testMerchantLedger(MerchantLedgerTest.java:41)
at java.base/java.util.ArrayList.forEach(ArrayList.java:1511)
... Removed 32 stack frames]]>
    </failure>
  </testcase> <!-- testMerchantLedger -->
  <testcase classname="tests.MerchantLedgerTest" name="testMerchantLedger" time="0.518">
    <failure type="java.lang.AssertionError" message="expected [400] but found [200]">
      <![CDATA[java.lang.AssertionError: expected [400] but found [200]
at tests.MerchantLedgerTest.testMerchantLedger(MerchantLedgerTest.java:37)
at java.base/java.util.ArrayList.forEach(ArrayList.java:1511)
... Removed 33 stack frames]]>
    </failure>
  </testcase> <!-- testMerchantLedger -->
</testsuite> <!-- Merchant Ledger Tests -->
